<?xml version="1.0" encoding="UTF-8" ?>
<testsuite errors="0" failures="0" hostname="MCGILLM-958U4DE" name="strategydemo.TestRandomDiscount" skipped="0" tests="2" time="0.079" timestamp="2016-03-26T21:43:40">
  <properties>
[...]
</properties>
  <testcase classname="strategydemo.TestRandomDiscount" name="testRandomDiscount" time="0.003" />
  <testcase classname="strategydemo.TestRandomDiscount" name="testNullDiscount" time="0.0" />
  <system-out><![CDATA[]]></system-out>
  <system-err><![CDATA[]]></system-err>
</testsuite>
